<?xml version="1.0" encoding="UTF-8"?>
<testng-results skipped="0" failed="0" ignored="0" total="4" passed="4">
  <reporter-output>
  </reporter-output>
  <suite name="Suite1" duration-ms="88389" started-at="2019-05-25T14:40:19Z" finished-at="2019-05-25T14:41:48Z">
    <groups>
    </groups>
    <test name="Reg1" duration-ms="88389" started-at="2019-05-25T14:40:19Z" finished-at="2019-05-25T14:41:48Z">
      <class name="ant.testng.ClassTwo">
        <test-method status="PASS" signature="twoTest()[pri:0, instance:ant.testng.ClassTwo@6eceb130]" name="twoTest" duration-ms="36294" started-at="2019-05-25T14:40:37Z" finished-at="2019-05-25T14:41:13Z">
          <reporter-output>
          </reporter-output>
        </test-method> <!-- twoTest -->
      </class> <!-- ant.testng.ClassTwo -->
      <class name="ant.testng.ClassThree">
        <test-method status="PASS" signature="threeTest()[pri:0, instance:ant.testng.ClassThree@10a035a0]" name="threeTest" duration-ms="22648" started-at="2019-05-25T14:41:13Z" finished-at="2019-05-25T14:41:36Z">
          <reporter-output>
          </reporter-output>
        </test-method> <!-- threeTest -->
      </class> <!-- ant.testng.ClassThree -->
      <class name="ant.testng.ClassFour">
        <test-method status="PASS" signature="fourTest()[pri:0, instance:ant.testng.ClassFour@67b467e9]" name="fourTest" duration-ms="11907" started-at="2019-05-25T14:41:36Z" finished-at="2019-05-25T14:41:48Z">
          <reporter-output>
          </reporter-output>
        </test-method> <!-- fourTest -->
      </class> <!-- ant.testng.ClassFour -->
      <class name="ant.testng.ClassOne">
        <test-method status="PASS" signature="oneTest()[pri:0, instance:ant.testng.ClassOne@2eda0940]" name="oneTest" duration-ms="17493" started-at="2019-05-25T14:40:19Z" finished-at="2019-05-25T14:40:37Z">
          <reporter-output>
          </reporter-output>
        </test-method> <!-- oneTest -->
      </class> <!-- ant.testng.ClassOne -->
    </test> <!-- Reg1 -->
  </suite> <!-- Suite1 -->
</testng-results>
