<?xml version="1.0" encoding="UTF-8"?>
<!-- Generated by org.testng.reporters.JUnitXMLReporter -->
<testsuite hostname="yasirzaya" ignored="0" name="Reg1" tests="4" failures="0" timestamp="29 Apr 2019 05:34:19 GMT" time="0.109" errors="0">
  <testcase name="oneTest" time="0.015" classname="ant.testng.ClassOne"/>
  <testcase name="twoTest" time="0.016" classname="ant.testng.ClassTwo"/>
  <testcase name="threeTest" time="0.0" classname="ant.testng.ClassThree"/>
  <testcase name="fourTest" time="0.015" classname="ant.testng.ClassFour"/>
</testsuite> <!-- Reg1 -->
