<?xml version="1.0" encoding="UTF-8"?>
<testng-results skipped="0" failed="0" ignored="0" total="1" passed="1">
  <reporter-output>
  </reporter-output>
  <suite name="Default suite" duration-ms="25777" started-at="2019-05-25T13:00:00Z" finished-at="2019-05-25T13:00:26Z">
    <groups>
    </groups>
    <test name="Default test" duration-ms="25777" started-at="2019-05-25T13:00:00Z" finished-at="2019-05-25T13:00:26Z">
      <class name="ant.testng.ClassFour">
        <test-method status="PASS" signature="fourTest()[pri:0, instance:ant.testng.ClassFour@58651fd0]" name="fourTest" duration-ms="25730" started-at="2019-05-25T13:00:00Z" finished-at="2019-05-25T13:00:26Z">
          <reporter-output>
          </reporter-output>
        </test-method> <!-- fourTest -->
      </class> <!-- ant.testng.ClassFour -->
    </test> <!-- Default test -->
  </suite> <!-- Default suite -->
</testng-results>
